d:\universidad\6to\compiladores\ui\uicompiler\x64\intermediate\debug\compilerx64d.pch
d:\universidad\6to\compiladores\ui\uicompiler\x64\intermediate\debug\vc141.pdb
d:\universidad\6to\compiladores\ui\uicompiler\x64\intermediate\debug\stdafx.obj
d:\universidad\6to\compiladores\ui\uicompiler\x64\intermediate\debug\token.obj
d:\universidad\6to\compiladores\ui\uicompiler\x64\intermediate\debug\manager.obj
d:\universidad\6to\compiladores\ui\uicompiler\x64\intermediate\debug\lexanalyzer.obj
d:\universidad\6to\compiladores\ui\uicompiler\x64\intermediate\debug\errormodule.obj
d:\universidad\6to\compiladores\ui\uicompiler\x64\intermediate\debug\compiler.obj
d:\universidad\6to\compiladores\ui\uicompiler\x64\intermediate\debug\assemblyinfo.obj
d:\universidad\6to\compiladores\ui\uicompiler\x64\intermediate\debug\.netframework,version=v4.6.1.assemblyattributes.obj
d:\universidad\6to\compiladores\ui\uicompiler\x64\intermediate\debug\.netframework,version=v4.6.1.assemblyattributes.asm
d:\universidad\6to\compiladores\ui\uicompiler\x64\exe\debug\compilerx64d.dll
d:\universidad\6to\compiladores\ui\uicompiler\x64\exe\debug\compilerx64d.pdb
d:\universidad\6to\compiladores\ui\uicompiler\x64\intermediate\debug\app.res
d:\universidad\6to\compiladores\ui\uicompiler\x64\intermediate\debug\compiler.vcxprojassemblyreference.cache
d:\universidad\6to\compiladores\ui\uicompiler\x64\intermediate\debug\compiler.tlog\cl.command.1.tlog
d:\universidad\6to\compiladores\ui\uicompiler\x64\intermediate\debug\compiler.tlog\cl.read.1.tlog
d:\universidad\6to\compiladores\ui\uicompiler\x64\intermediate\debug\compiler.tlog\cl.write.1.tlog
d:\universidad\6to\compiladores\ui\uicompiler\x64\intermediate\debug\compiler.tlog\link.command.1.tlog
d:\universidad\6to\compiladores\ui\uicompiler\x64\intermediate\debug\compiler.tlog\link.read.1.tlog
d:\universidad\6to\compiladores\ui\uicompiler\x64\intermediate\debug\compiler.tlog\link.write.1.tlog
d:\universidad\6to\compiladores\ui\uicompiler\x64\intermediate\debug\compiler.tlog\metagen.read.1.tlog
d:\universidad\6to\compiladores\ui\uicompiler\x64\intermediate\debug\compiler.tlog\metagen.write.1.tlog
d:\universidad\6to\compiladores\ui\uicompiler\x64\intermediate\debug\compiler.tlog\rc.command.1.tlog
d:\universidad\6to\compiladores\ui\uicompiler\x64\intermediate\debug\compiler.tlog\rc.read.1.tlog
d:\universidad\6to\compiladores\ui\uicompiler\x64\intermediate\debug\compiler.tlog\rc.write.1.tlog
